2024-09-21 14:16:32,123 [INFO] Activator:176 - 


2024-09-21 14:16:32,124 [INFO] Activator:177 - !SESSION log4j initialized
2024-09-21 14:16:38,925 [INFO] LogOutputStream:77 - [STDOUT_REDIRECT] 
2024-09-21 14:16:41,709 [INFO] ApplicationProperties:184 - Using Application install path: /opt/st/stm32cubeide_1.16.1/plugins/com.st.stm32cube.common.mx_6.12.1.202409122256
2024-09-21 14:16:41,778 [INFO] DbMcusXml:78 - Set database path to: /opt/st/stm32cubeide_1.16.1/plugins/com.st.stm32cube.common.mx_6.12.1.202409122256//db//mcu/
2024-09-21 14:16:41,779 [INFO] ApiDb:274 - Set plugin database path to: /opt/st/stm32cubeide_1.16.1/plugins/com.st.stm32cube.common.mx_6.12.1.202409122256//db//plugins/boardmanager/
2024-09-21 14:16:41,779 [WARN] ApiDb:259 - Overriding images path with different value:  => /opt/st/stm32cubeide_1.16.1/plugins/com.st.stm32cube.common.mx_6.12.1.202409122256//db//plugins/mcufinder/images/
2024-09-21 14:16:41,867 [INFO] ApiDb:250 - Set database path to: /home/sunbeam/.stmcufinder/plugins/mcufinder//mcu/
2024-09-21 14:16:41,868 [INFO] DbMcusAds:125 - Set database path to: /home/sunbeam/.stmcufinder/plugins/mcufinder//mcu/
2024-09-21 14:16:41,872 [INFO] CrossReferenceDbSqlite:203 - Set database path to: /home/sunbeam/.stmcufinder/plugins/mcufinder//mcu/cs/
2024-09-21 14:16:42,072 [INFO] RulesReader:64 - Compatibility file has been processed (297 Rules)
2024-09-21 14:16:42,210 [INFO] DbMcusXml:78 - Set database path to: /opt/st/stm32cubeide_1.16.1/plugins/com.st.stm32cube.common.mx_6.12.1.202409122256//db//mcu/
2024-09-21 14:16:42,210 [INFO] ApiDb:274 - Set plugin database path to: /opt/st/stm32cubeide_1.16.1/plugins/com.st.stm32cube.common.mx_6.12.1.202409122256//db//plugins/boardmanager/
2024-09-21 14:16:42,210 [INFO] ApiDb:261 - Set plugin images path to: /opt/st/stm32cubeide_1.16.1/plugins/com.st.stm32cube.common.mx_6.12.1.202409122256//db//plugins/mcufinder/images/
2024-09-21 14:16:42,210 [WARN] DbFile:41 - Overriding database path with different value: /home/sunbeam/.stmcufinder/plugins/mcufinder/ => /home/sunbeam/.stmcufinder/plugins/mcufinder
2024-09-21 14:16:42,211 [INFO] ApiDb:250 - Set database path to: /home/sunbeam/.stmcufinder/plugins/mcufinder//mcu/
2024-09-21 14:16:42,211 [WARN] DbFile:41 - Overriding database path with different value: /home/sunbeam/.stmcufinder/plugins/mcufinder/ => /home/sunbeam/.stmcufinder/plugins/mcufinder
2024-09-21 14:16:42,211 [INFO] DbMcusAds:125 - Set database path to: /home/sunbeam/.stmcufinder/plugins/mcufinder//mcu/
2024-09-21 14:16:42,211 [WARN] DbFile:41 - Overriding database path with different value: /home/sunbeam/.stmcufinder/plugins/mcufinder/ => /home/sunbeam/.stmcufinder/plugins/mcufinder
2024-09-21 14:16:42,211 [WARN] DbFile:41 - Overriding database path with different value: /home/sunbeam/.stmcufinder/plugins/mcufinder/ => /home/sunbeam/.stmcufinder/plugins/mcufinder
2024-09-21 14:16:42,211 [INFO] CrossReferenceDbSqlite:203 - Set database path to: /home/sunbeam/.stmcufinder/plugins/mcufinder//mcu/cs/
2024-09-21 14:16:42,431 [INFO] MainPanel:268 - HeapMemory: 268435456
2024-09-21 14:16:42,898 [INFO] DbMcusXml:78 - Set database path to: /opt/st/stm32cubeide_1.16.1/plugins/com.st.stm32cube.common.mx_6.12.1.202409122256//db//mcu/
2024-09-21 14:16:42,898 [INFO] ApiDb:274 - Set plugin database path to: /opt/st/stm32cubeide_1.16.1/plugins/com.st.stm32cube.common.mx_6.12.1.202409122256//db//plugins/boardmanager/
2024-09-21 14:16:42,898 [INFO] ApiDb:261 - Set plugin images path to: /opt/st/stm32cubeide_1.16.1/plugins/com.st.stm32cube.common.mx_6.12.1.202409122256//db//plugins/mcufinder/images/
2024-09-21 14:16:42,899 [WARN] DbFile:41 - Overriding database path with different value: /home/sunbeam/.stmcufinder/plugins/mcufinder/ => /home/sunbeam/.stmcufinder/plugins/mcufinder
2024-09-21 14:16:42,899 [INFO] ApiDb:250 - Set database path to: /home/sunbeam/.stmcufinder/plugins/mcufinder//mcu/
2024-09-21 14:16:42,899 [WARN] DbFile:41 - Overriding database path with different value: /home/sunbeam/.stmcufinder/plugins/mcufinder/ => /home/sunbeam/.stmcufinder/plugins/mcufinder
2024-09-21 14:16:42,899 [INFO] DbMcusAds:125 - Set database path to: /home/sunbeam/.stmcufinder/plugins/mcufinder//mcu/
2024-09-21 14:16:42,899 [WARN] DbFile:41 - Overriding database path with different value: /home/sunbeam/.stmcufinder/plugins/mcufinder/ => /home/sunbeam/.stmcufinder/plugins/mcufinder
2024-09-21 14:16:42,899 [WARN] DbFile:41 - Overriding database path with different value: /home/sunbeam/.stmcufinder/plugins/mcufinder/ => /home/sunbeam/.stmcufinder/plugins/mcufinder
2024-09-21 14:16:42,899 [INFO] CrossReferenceDbSqlite:203 - Set database path to: /home/sunbeam/.stmcufinder/plugins/mcufinder//mcu/cs/
2024-09-21 14:16:42,915 [INFO] ApplicationProperties:184 - Using Application install path: /opt/st/stm32cubeide_1.16.1/plugins/com.st.stm32cube.common.mx_6.12.1.202409122256
2024-09-21 14:16:42,917 [INFO] PluginManage:196 - Search for loadable plugins [exclusion list=, ]
2024-09-21 14:16:42,918 [INFO] PluginManage:310 - Check plugin analytics
2024-09-21 14:16:43,191 [INFO] AnalyticsPlugin:253 - Accepted Software Licenses: 
2024-09-21 14:16:43,192 [INFO] AnalyticsPlugin:255 - Accepted CMSIS Pack Licenses: 
2024-09-21 14:16:43,192 [INFO] AnalyticsPlugin:257 - Accepted Firmware Licenses: 
2024-09-21 14:16:43,193 [INFO] PluginManage:359 - Loaded plugin analytics (category:tool,tabindex:-1)
2024-09-21 14:16:43,194 [INFO] PluginManage:310 - Check plugin cadmodel
2024-09-21 14:16:43,232 [INFO] CADModel:105 - Init CAD model plugin
2024-09-21 14:16:43,232 [INFO] PluginManage:359 - Loaded plugin cadmodel (category:power,tabindex:5)
2024-09-21 14:16:43,233 [INFO] PluginManage:310 - Check plugin clock
2024-09-21 14:16:43,286 [INFO] PluginManage:359 - Loaded plugin clock (category:base,tabindex:2)
2024-09-21 14:16:43,287 [INFO] PluginManage:310 - Check plugin ddr
2024-09-21 14:16:43,301 [INFO] PluginManage:359 - Loaded plugin ddr (category:tool,tabindex:6)
2024-09-21 14:16:43,301 [INFO] PluginManage:310 - Check plugin filemanager
2024-09-21 14:16:43,736 [INFO] PluginManage:359 - Loaded plugin filemanager (category:base,tabindex:10)
2024-09-21 14:16:43,737 [INFO] PluginManage:310 - Check plugin ipmanager
2024-09-21 14:16:43,913 [INFO] PluginManage:359 - Loaded plugin ipmanager (category:base,tabindex:5)
2024-09-21 14:16:43,913 [INFO] PluginManage:310 - Check plugin lpbam
2024-09-21 14:16:44,126 [INFO] PluginManage:359 - Loaded plugin lpbam (category:base,tabindex:0)
2024-09-21 14:16:44,127 [INFO] PluginManage:310 - Check plugin memorymap
2024-09-21 14:16:44,177 [INFO] PluginManage:359 - Loaded plugin memorymap (category:base,tabindex:4)
2024-09-21 14:16:44,177 [INFO] PluginManage:310 - Check plugin pinoutandconfiguration
2024-09-21 14:16:44,235 [INFO] PluginManage:359 - Loaded plugin pinoutandconfiguration (category:base,tabindex:1)
2024-09-21 14:16:44,235 [INFO] PluginManage:310 - Check plugin pinoutconfig
2024-09-21 14:16:44,456 [WARN] SupportedApi:132 - Cannot load RTOS API schema: s4s-elt-must-match.1: The content of 'definitions' must match (annotation?, (simpleType | complexType)?, (unique | key | keyref)*)). A problem was found starting at: attribute.
2024-09-21 14:16:44,671 [INFO] PluginManage:359 - Loaded plugin pinoutconfig (category:base,tabindex:0)
2024-09-21 14:16:44,671 [INFO] PluginManage:310 - Check plugin power
2024-09-21 14:16:44,718 [INFO] PluginManage:359 - Loaded plugin power (category:power,tabindex:4)
2024-09-21 14:16:44,719 [INFO] PluginManage:310 - Check plugin projectmanager
2024-09-21 14:16:44,740 [INFO] PluginManage:359 - Loaded plugin projectmanager (category:projectmanager,tabindex:4)
2024-09-21 14:16:44,741 [INFO] PluginManage:310 - Check plugin rif
2024-09-21 14:16:44,748 [INFO] PluginManage:359 - Loaded plugin rif (category:base,tabindex:3)
2024-09-21 14:16:44,748 [INFO] PluginManage:310 - Check plugin thirdparty
2024-09-21 14:16:44,982 [INFO] PluginManage:359 - Loaded plugin thirdparty (category:base,tabindex:-1)
2024-09-21 14:16:44,983 [INFO] PluginManage:310 - Check plugin tools
2024-09-21 14:16:44,982 [WARN] IntegrityCheckThread:84 - waiting for thirdparty lock release [integrity check]
2024-09-21 14:16:44,983 [INFO] IntegrityCheckThread:86 - entering critical section [integrity check]
2024-09-21 14:16:44,983 [INFO] ThirdPartyUpdaterWithRetryManager:70 - Updater plugin not ready yet. [1/15]
2024-09-21 14:16:44,998 [INFO] PluginManage:359 - Loaded plugin tools (category:base,tabindex:7)
2024-09-21 14:16:44,998 [INFO] PluginManage:310 - Check plugin tutovideos
2024-09-21 14:16:45,259 [INFO] PluginManage:359 - Loaded plugin tutovideos (category:base,tabindex:-1)
2024-09-21 14:16:45,259 [INFO] PluginManage:310 - Check plugin updater
2024-09-21 14:16:45,290 [INFO] PluginManage:359 - Loaded plugin updater (category:base,tabindex:12)
2024-09-21 14:16:45,290 [INFO] PluginManage:310 - Check plugin userauth
2024-09-21 14:16:45,320 [INFO] UserAuth:113 - Init User Auth plugin
2024-09-21 14:16:45,321 [INFO] PluginManage:359 - Loaded plugin userauth (category:base,tabindex:14)
2024-09-21 14:16:45,321 [INFO] PluginManage:283 - PluginManage : Loaded plugins [18]
2024-09-21 14:16:45,687 [INFO] PinOutPanel:1561 - setPackage(No Configuration,No Configuration)
2024-09-21 14:16:45,846 [INFO] CADModel:165 - CPN selected for project level
2024-09-21 14:16:45,847 [INFO] CADModel:114 - Register for checkConnection events
2024-09-21 14:16:45,904 [INFO] IPUIPlugin:80 - create IPUIPlugin
2024-09-21 14:16:45,905 [INFO] PluginManager:220 - loadIPPluginJar : add freertos
2024-09-21 14:16:45,909 [INFO] IPUIPlugin:80 - create IPUIPlugin
2024-09-21 14:16:45,909 [INFO] PluginManager:220 - loadIPPluginJar : add i2s
2024-09-21 14:16:45,914 [INFO] IPUIPlugin:80 - create IPUIPlugin
2024-09-21 14:16:45,914 [INFO] PluginManager:220 - loadIPPluginJar : add stm32_wpan
2024-09-21 14:16:45,925 [INFO] IPUIPlugin:80 - create IPUIPlugin
2024-09-21 14:16:45,925 [INFO] PluginManager:220 - loadIPPluginJar : add dma
2024-09-21 14:16:45,926 [INFO] IPUIPlugin:80 - create IPUIPlugin
2024-09-21 14:16:45,926 [INFO] PluginManager:220 - loadIPPluginJar : add tsc
2024-09-21 14:16:45,929 [INFO] IPUIPlugin:80 - create IPUIPlugin
2024-09-21 14:16:45,929 [INFO] PluginManager:220 - loadIPPluginJar : add gpio
2024-09-21 14:16:45,930 [INFO] IPUIPlugin:80 - create IPUIPlugin
2024-09-21 14:16:45,930 [INFO] PluginManager:220 - loadIPPluginJar : add quadspi
2024-09-21 14:16:45,931 [INFO] IPUIPlugin:80 - create IPUIPlugin
2024-09-21 14:16:45,931 [INFO] PluginManager:220 - loadIPPluginJar : add tim
2024-09-21 14:16:45,941 [INFO] IPUIPlugin:80 - create IPUIPlugin
2024-09-21 14:16:45,941 [INFO] PluginManager:220 - loadIPPluginJar : add ddr_ctrl_phy
2024-09-21 14:16:45,944 [INFO] IPUIPlugin:80 - create IPUIPlugin
2024-09-21 14:16:45,944 [INFO] PluginManager:220 - loadIPPluginJar : add ts
2024-09-21 14:16:45,958 [INFO] IPUIPlugin:80 - create IPUIPlugin
2024-09-21 14:16:45,958 [INFO] PluginManager:220 - loadIPPluginJar : add hash
2024-09-21 14:16:45,976 [INFO] IPUIPlugin:80 - create IPUIPlugin
2024-09-21 14:16:45,976 [INFO] PluginManager:220 - loadIPPluginJar : add ipddr
2024-09-21 14:16:46,005 [INFO] IPUIPlugin:80 - create IPUIPlugin
2024-09-21 14:16:46,005 [INFO] PluginManager:220 - loadIPPluginJar : add dma3
2024-09-21 14:16:46,007 [INFO] IPUIPlugin:80 - create IPUIPlugin
2024-09-21 14:16:46,007 [INFO] PluginManager:220 - loadIPPluginJar : add ltdc
2024-09-21 14:16:46,008 [INFO] IPUIPlugin:80 - create IPUIPlugin
2024-09-21 14:16:46,009 [INFO] PluginManager:220 - loadIPPluginJar : add usbx
2024-09-21 14:16:46,011 [INFO] IPUIPlugin:80 - create IPUIPlugin
2024-09-21 14:16:46,011 [INFO] PluginManager:220 - loadIPPluginJar : add gtzc
2024-09-21 14:16:46,013 [INFO] IPUIPlugin:80 - create IPUIPlugin
2024-09-21 14:16:46,013 [INFO] PluginManager:220 - loadIPPluginJar : add touchsensing
2024-09-21 14:16:46,018 [INFO] IPUIPlugin:80 - create IPUIPlugin
2024-09-21 14:16:46,018 [INFO] PluginManager:220 - loadIPPluginJar : add mdma
2024-09-21 14:16:46,019 [INFO] IPUIPlugin:80 - create IPUIPlugin
2024-09-21 14:16:46,020 [INFO] PluginManager:220 - loadIPPluginJar : add i3c
2024-09-21 14:16:46,021 [INFO] IPUIPlugin:80 - create IPUIPlugin
2024-09-21 14:16:46,021 [INFO] PluginManager:220 - loadIPPluginJar : add tracer_emb
2024-09-21 14:16:46,022 [INFO] IPUIPlugin:80 - create IPUIPlugin
2024-09-21 14:16:46,023 [INFO] PluginManager:220 - loadIPPluginJar : add lorawan
2024-09-21 14:16:46,024 [INFO] IPUIPlugin:80 - create IPUIPlugin
2024-09-21 14:16:46,024 [INFO] PluginManager:220 - loadIPPluginJar : add spi
2024-09-21 14:16:46,026 [INFO] IPUIPlugin:80 - create IPUIPlugin
2024-09-21 14:16:46,026 [INFO] PluginManager:220 - loadIPPluginJar : add usart
2024-09-21 14:16:46,032 [INFO] IPUIPlugin:80 - create IPUIPlugin
2024-09-21 14:16:46,032 [INFO] PluginManager:220 - loadIPPluginJar : add linkedlist
2024-09-21 14:16:46,034 [INFO] IPUIPlugin:80 - create IPUIPlugin
2024-09-21 14:16:46,034 [INFO] PluginManager:220 - loadIPPluginJar : add i2c
2024-09-21 14:16:46,036 [INFO] IPUIPlugin:80 - create IPUIPlugin
2024-09-21 14:16:46,036 [INFO] PluginManager:220 - loadIPPluginJar : add opamp
2024-09-21 14:16:46,038 [INFO] IPUIPlugin:80 - create IPUIPlugin
2024-09-21 14:16:46,038 [INFO] PluginManager:220 - loadIPPluginJar : add can
2024-09-21 14:16:46,039 [INFO] IPUIPlugin:80 - create IPUIPlugin
2024-09-21 14:16:46,039 [INFO] PluginManager:220 - loadIPPluginJar : add ucpd
2024-09-21 14:16:46,042 [INFO] IPUIPlugin:80 - create IPUIPlugin
2024-09-21 14:16:46,042 [INFO] PluginManager:220 - loadIPPluginJar : add fmc
2024-09-21 14:16:46,043 [INFO] IPUIPlugin:80 - create IPUIPlugin
2024-09-21 14:16:46,043 [INFO] PluginManager:220 - loadIPPluginJar : add pdm2pcm
2024-09-21 14:16:46,045 [INFO] IPUIPlugin:80 - create IPUIPlugin
2024-09-21 14:16:46,045 [INFO] PluginManager:220 - loadIPPluginJar : add openamp
2024-09-21 14:16:46,046 [INFO] IPUIPlugin:80 - create IPUIPlugin
2024-09-21 14:16:46,046 [INFO] PluginManager:220 - loadIPPluginJar : add comp
2024-09-21 14:16:46,047 [INFO] IPUIPlugin:80 - create IPUIPlugin
2024-09-21 14:16:46,047 [INFO] PluginManager:220 - loadIPPluginJar : add dfsdm
2024-09-21 14:16:46,048 [INFO] IPUIPlugin:80 - create IPUIPlugin
2024-09-21 14:16:46,048 [INFO] PluginManager:220 - loadIPPluginJar : add genericplugin
2024-09-21 14:16:46,050 [INFO] IPUIPlugin:80 - create IPUIPlugin
2024-09-21 14:16:46,050 [INFO] PluginManager:220 - loadIPPluginJar : add sai
2024-09-21 14:16:46,051 [INFO] IPUIPlugin:80 - create IPUIPlugin
2024-09-21 14:16:46,051 [INFO] PluginManager:220 - loadIPPluginJar : add radio
2024-09-21 14:16:46,053 [INFO] IPUIPlugin:80 - create IPUIPlugin
2024-09-21 14:16:46,053 [INFO] PluginManager:220 - loadIPPluginJar : add gfxmmu
2024-09-21 14:16:46,054 [INFO] IPUIPlugin:80 - create IPUIPlugin
2024-09-21 14:16:46,054 [INFO] PluginManager:220 - loadIPPluginJar : add extmemmanager
2024-09-21 14:16:46,063 [INFO] IPUIPlugin:80 - create IPUIPlugin
2024-09-21 14:16:46,063 [INFO] PluginManager:220 - loadIPPluginJar : add adc
2024-09-21 14:16:46,069 [INFO] IPUIPlugin:80 - create IPUIPlugin
2024-09-21 14:16:46,071 [INFO] PluginManager:220 - loadIPPluginJar : add plateformsettings
2024-09-21 14:16:46,072 [INFO] IPUIPlugin:80 - create IPUIPlugin
2024-09-21 14:16:46,072 [INFO] PluginManager:220 - loadIPPluginJar : add fatfs
2024-09-21 14:16:46,075 [INFO] IPUIPlugin:80 - create IPUIPlugin
2024-09-21 14:16:46,075 [INFO] PluginManager:220 - loadIPPluginJar : add nvic
2024-09-21 14:16:46,079 [INFO] IPUIPlugin:80 - create IPUIPlugin
2024-09-21 14:16:46,079 [INFO] PluginManager:220 - loadIPPluginJar : add cryp
2024-09-21 14:16:46,085 [INFO] IPUIPlugin:80 - create IPUIPlugin
2024-09-21 14:16:46,085 [INFO] PluginManager:220 - loadIPPluginJar : add resmgrutility
2024-09-21 14:16:46,087 [INFO] IPUIPlugin:80 - create IPUIPlugin
2024-09-21 14:16:46,087 [INFO] PluginManager:220 - loadIPPluginJar : add aes
2024-09-21 14:16:46,090 [INFO] IPUIPlugin:80 - create IPUIPlugin
2024-09-21 14:16:46,090 [INFO] PluginManager:220 - loadIPPluginJar : add gic
2024-09-21 14:16:46,185 [INFO] CADModel:165 - CPN selected for project level
2024-09-21 14:16:46,185 [INFO] CADModel:114 - Register for checkConnection events
2024-09-21 14:16:46,185 [FATAL] Updater:334 - Updater called before beeing initialized
2024-09-21 14:16:46,185 [ERROR] CADModel:125 - Updater not yet initialized, retry later 
2024-09-21 14:16:46,385 [INFO] CADModel:165 - CPN selected for project level
2024-09-21 14:16:46,385 [INFO] CADModel:114 - Register for checkConnection events
2024-09-21 14:16:46,385 [FATAL] Updater:334 - Updater called before beeing initialized
2024-09-21 14:16:46,385 [ERROR] CADModel:125 - Updater not yet initialized, retry later 
2024-09-21 14:16:46,388 [FATAL] Updater:334 - Updater called before beeing initialized
2024-09-21 14:16:46,456 [FATAL] Updater:334 - Updater called before beeing initialized
2024-09-21 14:16:46,476 [INFO] DbMcusAds:53 - JSON generation date=Mon Sep 16 20:09:53 IST 2024 (1726497593277)
2024-09-21 14:16:46,476 [FATAL] Updater:334 - Updater called before beeing initialized
2024-09-21 14:16:46,590 [WARN] DetailPanel:346 - Failed to get advertising image, set to default
2024-09-21 14:16:46,657 [FATAL] Updater:334 - Updater called before beeing initialized
2024-09-21 14:16:46,658 [FATAL] Updater:334 - Updater called before beeing initialized
2024-09-21 14:16:46,659 [FATAL] Updater:334 - Updater called before beeing initialized
2024-09-21 14:16:46,659 [WARN] DetailPanel:346 - Failed to get advertising image, set to default
2024-09-21 14:16:46,660 [FATAL] Updater:334 - Updater called before beeing initialized
2024-09-21 14:16:46,724 [ERROR] Updater:1164 - MainUpdater not yet initialized. External WinMGr cannot be set.
2024-09-21 14:16:46,729 [INFO] Updater:1100 - Updater Version found : 6.12.1
2024-09-21 14:16:46,749 [INFO] ApplicationProperties:184 - Using Application install path: /opt/st/stm32cubeide_1.16.1/plugins/com.st.stm32cube.common.mx_6.12.1.202409122256
2024-09-21 14:16:46,766 [ERROR] LogOutputStream:75 - [STDERR_REDIRECT] Sep 21, 2024 2:16:46 PM java.util.prefs.FileSystemPreferences$2 run
2024-09-21 14:16:46,767 [ERROR] LogOutputStream:75 - [STDERR_REDIRECT] WARNING: Could not create system preferences directory. System preferences are unusable.
2024-09-21 14:16:46,767 [ERROR] LogOutputStream:75 - [STDERR_REDIRECT] 
2024-09-21 14:16:47,415 [INFO] MainUpdater:2873 - connection check result : 10
2024-09-21 14:16:47,416 [INFO] MainUpdater:290 - Updater Check For Update Now.
2024-09-21 14:16:47,416 [INFO] MicroXplorer:498 - Change Database Version : DB.6.0.121
2024-09-21 14:16:47,423 [INFO] McuFinderGlobals:63 - Set McuFinder mode to 2 (CubeIDE integrated)
2024-09-21 14:16:47,467 [INFO] UserAuth:417 - Internet connection configuration mode: 1
2024-09-21 14:16:47,675 [INFO] JxBrowserEngine:152 - Initiate JxBrowser Engine with user profile folder
2024-09-21 14:16:47,751 [INFO] CheckServerUpdateThread:120 - End of CheckServer Thread
2024-09-21 14:16:49,493 [WARN] PackLoader:240 - Cannot read IP mode file for STMicroelectronics.FP-SNS-MOTENVWB1.1.4.0
2024-09-21 14:16:49,521 [WARN] PackLoader:240 - Cannot read IP mode file for STMicroelectronics.X-CUBE-SMBUS.2.1.0
2024-09-21 14:16:49,587 [WARN] PackLoader:240 - Cannot read IP mode file for STMicroelectronics.X-CUBE-AZRTOS-F7.1.1.0
2024-09-21 14:16:49,686 [WARN] PackLoader:240 - Cannot read IP mode file for STMicroelectronics.X-CUBE-MEMS1.11.0.0
2024-09-21 14:16:49,881 [WARN] PackLoader:240 - Cannot read IP mode file for STMicroelectronics.FP-SNS-FLIGHT1.5.0.2
2024-09-21 14:16:49,919 [WARN] PackLoader:240 - Cannot read IP mode file for STMicroelectronics.X-CUBE-DISPLAY.3.0.0
2024-09-21 14:16:49,941 [WARN] PackLoader:240 - Cannot read IP mode file for STMicroelectronics.X-CUBE-BLE1.7.0.0
2024-09-21 14:16:50,004 [WARN] PackLoader:240 - Cannot read IP mode file for STMicroelectronics.X-CUBE-BLEMGR.3.1.0
2024-09-21 14:16:50,011 [WARN] PackLoader:240 - Cannot read IP mode file for STMicroelectronics.FP-SNS-SMARTAG2.1.2.0
2024-09-21 14:16:50,084 [INFO] LogOutputStream:77 - [STDOUT_REDIRECT] 1 : Invalid condition id : UX_CORESTACK_Condition cause : null
2024-09-21 14:16:50,085 [INFO] LogOutputStream:77 - [STDOUT_REDIRECT] 1 : Invalid condition id : UX_CORESTACK_Condition cause : null
2024-09-21 14:16:50,086 [INFO] LogOutputStream:77 - [STDOUT_REDIRECT] 1 : Invalid condition id : UX_CORESTACK_Condition cause : null
2024-09-21 14:16:50,086 [INFO] LogOutputStream:77 - [STDOUT_REDIRECT] 1 : Invalid condition id : UX_CORESTACK_Condition cause : null
2024-09-21 14:16:50,086 [INFO] LogOutputStream:77 - [STDOUT_REDIRECT] 1 : Invalid condition id : UX_CORESTACK_Condition cause : null
2024-09-21 14:16:50,091 [WARN] PackLoader:240 - Cannot read IP mode file for STMicroelectronics.X-CUBE-AZRTOS-WL.2.0.0
2024-09-21 14:16:50,100 [WARN] PackLoader:240 - Cannot read IP mode file for STMicroelectronics.FP-SNS-MOTENV1.5.0.0
2024-09-21 14:16:50,137 [WARN] PackLoader:240 - Cannot read IP mode file for wolfSSL.I-CUBE-wolfMQTT.1.19.0
2024-09-21 14:16:50,142 [WARN] PackLoader:240 - Cannot read IP mode file for STMicroelectronics.X-CUBE-BLE2.3.3.0
2024-09-21 14:16:50,175 [WARN] PackLoader:240 - Cannot read IP mode file for STMicroelectronics.X-CUBE-TCPP.4.1.0
2024-09-21 14:16:50,241 [WARN] PackLoader:240 - Cannot read IP mode file for STMicroelectronics.X-CUBE-AZRTOS-G0.1.1.0
2024-09-21 14:16:50,269 [WARN] PackLoader:240 - Cannot read IP mode file for STMicroelectronics.X-CUBE-SAFEA1.1.2.2
2024-09-21 14:16:50,290 [WARN] PackLoader:240 - Cannot read IP mode file for STMicroelectronics.X-CUBE-NFC4.3.0.0
2024-09-21 14:16:50,334 [WARN] PackLoader:240 - Cannot read IP mode file for EmbeddedOffice.I-CUBE-FS-RTOS.1.0.1
2024-09-21 14:16:50,334 [ERROR] ConditionMgr:805 - Attr not supported : Dmpu
2024-09-21 14:16:50,334 [ERROR] ConditionMgr:805 - Attr not supported : Dmpu
2024-09-21 14:16:50,335 [ERROR] ConditionMgr:805 - Attr not supported : Dmpu
2024-09-21 14:16:50,335 [ERROR] ConditionMgr:805 - Attr not supported : Dmpu
2024-09-21 14:16:50,335 [ERROR] ConditionMgr:805 - Attr not supported : Dmpu
2024-09-21 14:16:50,335 [ERROR] ConditionMgr:805 - Attr not supported : Dmpu
2024-09-21 14:16:50,335 [ERROR] ConditionMgr:805 - Attr not supported : Dmpu
2024-09-21 14:16:50,335 [ERROR] ConditionMgr:805 - Attr not supported : Dmpu
2024-09-21 14:16:50,335 [ERROR] ConditionMgr:805 - Attr not supported : Dmpu
2024-09-21 14:16:50,335 [ERROR] ConditionMgr:805 - Attr not supported : Dmpu
2024-09-21 14:16:50,335 [ERROR] ConditionMgr:805 - Attr not supported : Dmpu
2024-09-21 14:16:50,335 [ERROR] ConditionMgr:805 - Attr not supported : Dmpu
2024-09-21 14:16:50,336 [ERROR] ConditionMgr:805 - Attr not supported : Dmpu
2024-09-21 14:16:50,336 [ERROR] ConditionMgr:805 - Attr not supported : Dmpu
2024-09-21 14:16:50,336 [ERROR] ConditionMgr:805 - Attr not supported : Dmpu
2024-09-21 14:16:50,336 [ERROR] ConditionMgr:805 - Attr not supported : Dmpu
2024-09-21 14:16:50,336 [ERROR] ConditionMgr:805 - Attr not supported : Dmpu
2024-09-21 14:16:50,336 [ERROR] ConditionMgr:805 - Attr not supported : Dmpu
2024-09-21 14:16:50,336 [ERROR] ConditionMgr:805 - Attr not supported : Dmpu
2024-09-21 14:16:50,336 [ERROR] ConditionMgr:805 - Attr not supported : Dmpu
2024-09-21 14:16:50,336 [ERROR] ConditionMgr:805 - Attr not supported : Dmpu
2024-09-21 14:16:50,337 [ERROR] ConditionMgr:805 - Attr not supported : Dmpu
2024-09-21 14:16:50,337 [ERROR] ConditionMgr:805 - Attr not supported : Dmpu
2024-09-21 14:16:50,337 [ERROR] ConditionMgr:805 - Attr not supported : Dmpu
2024-09-21 14:16:50,337 [ERROR] ConditionMgr:805 - Attr not supported : Dmpu
2024-09-21 14:16:50,337 [ERROR] ConditionMgr:805 - Attr not supported : Dmpu
2024-09-21 14:16:50,337 [ERROR] ConditionMgr:805 - Attr not supported : Dmpu
2024-09-21 14:16:50,337 [ERROR] ConditionMgr:805 - Attr not supported : Dmpu
2024-09-21 14:16:50,338 [ERROR] ConditionMgr:805 - Attr not supported : Dmpu
2024-09-21 14:16:50,338 [ERROR] ConditionMgr:805 - Attr not supported : Dmpu
2024-09-21 14:16:50,338 [ERROR] ConditionMgr:805 - Attr not supported : Dmpu
2024-09-21 14:16:50,338 [ERROR] ConditionMgr:805 - Attr not supported : Dmpu
2024-09-21 14:16:50,338 [ERROR] ConditionMgr:805 - Attr not supported : Dmpu
2024-09-21 14:16:50,338 [ERROR] ConditionMgr:805 - Attr not supported : Dmpu
2024-09-21 14:16:50,338 [ERROR] ConditionMgr:805 - Attr not supported : Dmpu
2024-09-21 14:16:50,338 [ERROR] ConditionMgr:805 - Attr not supported : Dmpu
2024-09-21 14:16:50,339 [ERROR] ConditionMgr:805 - Attr not supported : Dmpu
2024-09-21 14:16:50,339 [ERROR] ConditionMgr:805 - Attr not supported : Dmpu
2024-09-21 14:16:50,339 [ERROR] ConditionMgr:805 - Attr not supported : Dmpu
2024-09-21 14:16:50,339 [ERROR] ConditionMgr:805 - Attr not supported : Dmpu
2024-09-21 14:16:50,339 [ERROR] ConditionMgr:805 - Attr not supported : Dmpu
2024-09-21 14:16:50,339 [ERROR] ConditionMgr:805 - Attr not supported : Dmpu
2024-09-21 14:16:50,339 [ERROR] ConditionMgr:805 - Attr not supported : Dmpu
2024-09-21 14:16:50,339 [ERROR] ConditionMgr:805 - Attr not supported : Dmpu
2024-09-21 14:16:50,339 [ERROR] ConditionMgr:805 - Attr not supported : Dmpu
2024-09-21 14:16:50,340 [ERROR] ConditionMgr:805 - Attr not supported : Dmpu
2024-09-21 14:16:50,340 [ERROR] ConditionMgr:805 - Attr not supported : Dmpu
2024-09-21 14:16:50,340 [ERROR] ConditionMgr:805 - Attr not supported : Dmpu
2024-09-21 14:16:50,340 [ERROR] ConditionMgr:805 - Attr not supported : Dmpu
2024-09-21 14:16:50,340 [ERROR] ConditionMgr:805 - Attr not supported : Dmpu
2024-09-21 14:16:50,340 [ERROR] ConditionMgr:805 - Attr not supported : Dmpu
2024-09-21 14:16:50,340 [ERROR] ConditionMgr:805 - Attr not supported : Dmpu
2024-09-21 14:16:50,340 [ERROR] ConditionMgr:805 - Attr not supported : Dmpu
2024-09-21 14:16:50,340 [ERROR] ConditionMgr:805 - Attr not supported : Dmpu
2024-09-21 14:16:50,340 [ERROR] ConditionMgr:805 - Attr not supported : Dmpu
2024-09-21 14:16:50,340 [ERROR] ConditionMgr:805 - Attr not supported : Dmpu
2024-09-21 14:16:50,340 [ERROR] ConditionMgr:805 - Attr not supported : Dmpu
2024-09-21 14:16:50,340 [ERROR] ConditionMgr:805 - Attr not supported : Dmpu
2024-09-21 14:16:50,340 [ERROR] ConditionMgr:805 - Attr not supported : Dmpu
2024-09-21 14:16:50,340 [ERROR] ConditionMgr:805 - Attr not supported : Dmpu
2024-09-21 14:16:50,340 [ERROR] ConditionMgr:805 - Attr not supported : Dmpu
2024-09-21 14:16:50,340 [ERROR] ConditionMgr:805 - Attr not supported : Dmpu
2024-09-21 14:16:50,341 [ERROR] ConditionMgr:805 - Attr not supported : Dmpu
2024-09-21 14:16:50,341 [ERROR] ConditionMgr:805 - Attr not supported : Dmpu
2024-09-21 14:16:50,362 [WARN] PackLoader:240 - Cannot read IP mode file for RealThread.X-CUBE-RT-Thread_Nano.4.1.1
2024-09-21 14:16:50,393 [WARN] PackLoader:240 - Cannot read IP mode file for STMicroelectronics.FP-ATR-SIGFOX1.3.2.0
2024-09-21 14:16:50,416 [WARN] PackLoader:240 - Cannot read IP mode file for wolfSSL.I-CUBE-wolfSSL.5.7.2
2024-09-21 14:16:50,446 [WARN] PackLoader:240 - Cannot read IP mode file for STMicroelectronics.X-CUBE-EEPRMA1.5.1.0
2024-09-21 14:16:50,506 [WARN] PackLoader:240 - Cannot read IP mode file for SEGGER.I-CUBE-embOS.1.3.1
2024-09-21 14:16:50,600 [WARN] PackLoader:240 - Cannot read IP mode file for STMicroelectronics.X-CUBE-ALGOBUILD.1.4.0
2024-09-21 14:16:50,703 [WARN] PackLoader:240 - Cannot read IP mode file for STMicroelectronics.X-CUBE-AZRTOS-F4.1.1.0
2024-09-21 14:16:50,707 [WARN] PackLoader:240 - Cannot read IP mode file for STMicroelectronics.X-CUBE-ISPU.2.1.0
2024-09-21 14:16:50,710 [WARN] PackLoader:240 - Cannot read IP mode file for STMicroelectronics.X-CUBE-FREERTOS.1.2.0
2024-09-21 14:16:50,750 [WARN] PackLoader:240 - Cannot read IP mode file for STMicroelectronics.X-CUBE-AZRTOS-L5.2.0.0
2024-09-21 14:16:50,761 [WARN] PackLoader:240 - Cannot read IP mode file for STMicroelectronics.X-CUBE-NFC6.3.1.0
2024-09-21 14:16:50,778 [WARN] PackLoader:240 - Cannot read IP mode file for STMicroelectronics.X-CUBE-DPower.1.2.0
2024-09-21 14:16:50,781 [WARN] PackLoader:240 - Cannot read IP mode file for STMicroelectronics.X-CUBE-AI.9.0.0
2024-09-21 14:16:50,784 [WARN] PackLoader:240 - Cannot read IP mode file for STMicroelectronics.X-CUBE-NFC7.1.0.1
2024-09-21 14:16:50,831 [WARN] ConditionMgr:438 - getConditionDescription Invalid condition id : LAN8742 Phy interface Condition cause : null
2024-09-21 14:16:50,833 [WARN] PackLoader:240 - Cannot read IP mode file for STMicroelectronics.X-CUBE-AZRTOS-L4.2.0.0
2024-09-21 14:16:50,834 [WARN] ConditionMgr:1039 - genDependencies : Invalid condition id : LAN8742 Phy interface Condition cause : null
2024-09-21 14:16:50,834 [WARN] ConditionMgr:1039 - genDependencies : Invalid condition id : LAN8742 Phy interface Condition cause : null
2024-09-21 14:16:50,834 [WARN] ConditionMgr:1039 - genDependencies : Invalid condition id : LAN8742 Phy interface Condition cause : null
2024-09-21 14:16:50,840 [WARN] PackLoader:240 - Cannot read IP mode file for STMicroelectronics.X-CUBE-SFXS2LP1.4.0.0
2024-09-21 14:16:50,883 [WARN] PackLoader:240 - Cannot read IP mode file for STMicroelectronics.X-CUBE-AZRTOS-H7.3.3.0
2024-09-21 14:16:50,926 [WARN] ConditionMgr:438 - getConditionDescription Invalid condition id : UX DEVICE CLASS RTOS Condition cause : null
2024-09-21 14:16:50,926 [WARN] ConditionMgr:438 - getConditionDescription Invalid condition id : UX DEVICE CLASS RTOS Condition cause : null
2024-09-21 14:16:50,928 [WARN] PackLoader:240 - Cannot read IP mode file for STMicroelectronics.X-CUBE-AZRTOS-WB.2.0.0
2024-09-21 14:16:50,929 [WARN] ConditionMgr:1039 - genDependencies : Invalid condition id : UX DEVICE CLASS RTOS Condition cause : null
2024-09-21 14:16:50,929 [WARN] ConditionMgr:1039 - genDependencies : Invalid condition id : UX DEVICE CLASS RTOS Condition cause : null
2024-09-21 14:16:50,929 [WARN] ConditionMgr:1039 - genDependencies : Invalid condition id : UX DEVICE CLASS RTOS Condition cause : null
2024-09-21 14:16:50,929 [WARN] ConditionMgr:1039 - genDependencies : Invalid condition id : UX DEVICE CLASS RTOS Condition cause : null
2024-09-21 14:16:50,929 [WARN] ConditionMgr:1039 - genDependencies : Invalid condition id : UX DEVICE CLASS RTOS Condition cause : null
2024-09-21 14:16:50,933 [WARN] PackLoader:240 - Cannot read IP mode file for STMicroelectronics.X-CUBE-GNSS1.7.0.0
2024-09-21 14:16:50,942 [WARN] PackLoader:240 - Cannot read IP mode file for STMicroelectronics.FP-SNS-STBOX1.2.0.0
2024-09-21 14:16:50,985 [WARN] PackLoader:240 - Cannot read IP mode file for STMicroelectronics.X-CUBE-SUBG2.5.0.0
2024-09-21 14:16:50,991 [WARN] PackLoader:240 - Cannot read IP mode file for Cesanta.I-CUBE-Mongoose.7.13.0
2024-09-21 14:16:51,024 [WARN] PackLoader:240 - Cannot read IP mode file for STMicroelectronics.X-CUBE-AZRTOS-G4.2.0.0
2024-09-21 14:16:51,039 [WARN] PackLoader:240 - Cannot read IP mode file for STMicroelectronics.X-CUBE-ALS.1.0.2
2024-09-21 14:16:51,043 [WARN] PackLoader:240 - Cannot read IP mode file for STMicroelectronics.X-CUBE-TOUCHGFX.4.24.0
2024-09-21 14:16:51,045 [WARN] PackLoader:240 - Cannot read IP mode file for wolfSSL.I-CUBE-wolfTPM.3.4.0
2024-09-21 14:16:51,093 [WARN] PackLoader:240 - Cannot read IP mode file for STMicroelectronics.X-CUBE-AZRTOS-H7RS.1.0.0
2024-09-21 14:16:51,097 [WARN] PackLoader:240 - Cannot read IP mode file for STMicroelectronics.FP-ATR-ASTRA1.2.0.0
2024-09-21 14:16:51,158 [WARN] PackLoader:240 - Cannot read IP mode file for STMicroelectronics.X-CUBE-TOF1.3.4.2
2024-09-21 14:16:51,207 [WARN] PackLoader:240 - Cannot read IP mode file for Infineon.AIROC-Wi-Fi-Bluetooth-STM32.1.6.1
2024-09-21 14:16:51,213 [WARN] PackLoader:240 - Cannot read IP mode file for wolfSSL.I-CUBE-wolfSSH.1.4.17
2024-09-21 14:16:51,214 [INFO] ThirdParty:978 - Integrity check success = true
2024-09-21 14:16:51,214 [INFO] IntegrityCheckThread:100 - exiting critical section [integrity check]
2024-09-21 14:16:51,214 [INFO] IntegrityCheckThread:103 - End integrity checks thread
2024-09-21 14:17:03,167 [ERROR] LogOutputStream:75 - [STDERR_REDIRECT] Sep 21, 2024 2:17:03 PM java.util.prefs.FileSystemPreferences checkLockFile0ErrorCode
2024-09-21 14:17:03,168 [ERROR] LogOutputStream:75 - [STDERR_REDIRECT] WARNING: Could not lock System prefs. Unix error code 2.
2024-09-21 14:17:03,168 [ERROR] LogOutputStream:75 - [STDERR_REDIRECT] 
2024-09-21 14:17:03,168 [ERROR] LogOutputStream:75 - [STDERR_REDIRECT] Sep 21, 2024 2:17:03 PM java.util.prefs.FileSystemPreferences syncWorld
2024-09-21 14:17:03,168 [ERROR] LogOutputStream:75 - [STDERR_REDIRECT] WARNING: Couldn't flush system prefs: java.util.prefs.BackingStoreException: Couldn't get file lock.
2024-09-21 14:17:03,168 [ERROR] LogOutputStream:75 - [STDERR_REDIRECT] 
2024-09-21 14:17:06,066 [INFO] McuFinderGlobals:63 - Set McuFinder mode to 2 (CubeIDE integrated)
2024-09-21 14:17:06,067 [INFO] UserAuth:417 - Internet connection configuration mode: 1
2024-09-21 14:17:19,922 [INFO] WebApp:167 - Instantiating new browser for Auth
2024-09-21 14:18:06,339 [INFO] Activator:176 - 


2024-09-21 14:18:06,340 [INFO] Activator:177 - !SESSION log4j initialized
2024-09-21 14:18:07,599 [INFO] LogOutputStream:77 - [STDOUT_REDIRECT] 
2024-09-21 14:18:08,899 [INFO] ApplicationProperties:184 - Using Application install path: /opt/st/stm32cubeide_1.16.1/plugins/com.st.stm32cube.common.mx_6.12.1.202409122256
2024-09-21 14:18:08,911 [INFO] DbMcusXml:78 - Set database path to: /opt/st/stm32cubeide_1.16.1/plugins/com.st.stm32cube.common.mx_6.12.1.202409122256//db//mcu/
2024-09-21 14:18:08,911 [INFO] ApiDb:274 - Set plugin database path to: /opt/st/stm32cubeide_1.16.1/plugins/com.st.stm32cube.common.mx_6.12.1.202409122256//db//plugins/boardmanager/
2024-09-21 14:18:08,911 [WARN] ApiDb:259 - Overriding images path with different value:  => /opt/st/stm32cubeide_1.16.1/plugins/com.st.stm32cube.common.mx_6.12.1.202409122256//db//plugins/mcufinder/images/
2024-09-21 14:18:08,914 [INFO] ApiDb:250 - Set database path to: /home/sunbeam/.stmcufinder/plugins/mcufinder//mcu/
2024-09-21 14:18:08,914 [INFO] DbMcusAds:125 - Set database path to: /home/sunbeam/.stmcufinder/plugins/mcufinder//mcu/
2024-09-21 14:18:08,916 [INFO] CrossReferenceDbSqlite:203 - Set database path to: /home/sunbeam/.stmcufinder/plugins/mcufinder//mcu/cs/
2024-09-21 14:18:08,991 [INFO] RulesReader:64 - Compatibility file has been processed (297 Rules)
2024-09-21 14:18:09,034 [INFO] DbMcusXml:78 - Set database path to: /opt/st/stm32cubeide_1.16.1/plugins/com.st.stm32cube.common.mx_6.12.1.202409122256//db//mcu/
2024-09-21 14:18:09,034 [INFO] ApiDb:274 - Set plugin database path to: /opt/st/stm32cubeide_1.16.1/plugins/com.st.stm32cube.common.mx_6.12.1.202409122256//db//plugins/boardmanager/
2024-09-21 14:18:09,035 [INFO] ApiDb:261 - Set plugin images path to: /opt/st/stm32cubeide_1.16.1/plugins/com.st.stm32cube.common.mx_6.12.1.202409122256//db//plugins/mcufinder/images/
2024-09-21 14:18:09,035 [WARN] DbFile:41 - Overriding database path with different value: /home/sunbeam/.stmcufinder/plugins/mcufinder/ => /home/sunbeam/.stmcufinder/plugins/mcufinder
2024-09-21 14:18:09,035 [INFO] ApiDb:250 - Set database path to: /home/sunbeam/.stmcufinder/plugins/mcufinder//mcu/
2024-09-21 14:18:09,035 [WARN] DbFile:41 - Overriding database path with different value: /home/sunbeam/.stmcufinder/plugins/mcufinder/ => /home/sunbeam/.stmcufinder/plugins/mcufinder
2024-09-21 14:18:09,035 [INFO] DbMcusAds:125 - Set database path to: /home/sunbeam/.stmcufinder/plugins/mcufinder//mcu/
2024-09-21 14:18:09,035 [WARN] DbFile:41 - Overriding database path with different value: /home/sunbeam/.stmcufinder/plugins/mcufinder/ => /home/sunbeam/.stmcufinder/plugins/mcufinder
2024-09-21 14:18:09,036 [WARN] DbFile:41 - Overriding database path with different value: /home/sunbeam/.stmcufinder/plugins/mcufinder/ => /home/sunbeam/.stmcufinder/plugins/mcufinder
2024-09-21 14:18:09,036 [INFO] CrossReferenceDbSqlite:203 - Set database path to: /home/sunbeam/.stmcufinder/plugins/mcufinder//mcu/cs/
2024-09-21 14:18:09,083 [INFO] MainPanel:268 - HeapMemory: 268435456
2024-09-21 14:18:09,181 [INFO] DbMcusXml:78 - Set database path to: /opt/st/stm32cubeide_1.16.1/plugins/com.st.stm32cube.common.mx_6.12.1.202409122256//db//mcu/
2024-09-21 14:18:09,181 [INFO] ApiDb:274 - Set plugin database path to: /opt/st/stm32cubeide_1.16.1/plugins/com.st.stm32cube.common.mx_6.12.1.202409122256//db//plugins/boardmanager/
2024-09-21 14:18:09,181 [INFO] ApiDb:261 - Set plugin images path to: /opt/st/stm32cubeide_1.16.1/plugins/com.st.stm32cube.common.mx_6.12.1.202409122256//db//plugins/mcufinder/images/
2024-09-21 14:18:09,181 [WARN] DbFile:41 - Overriding database path with different value: /home/sunbeam/.stmcufinder/plugins/mcufinder/ => /home/sunbeam/.stmcufinder/plugins/mcufinder
2024-09-21 14:18:09,182 [INFO] ApiDb:250 - Set database path to: /home/sunbeam/.stmcufinder/plugins/mcufinder//mcu/
2024-09-21 14:18:09,182 [WARN] DbFile:41 - Overriding database path with different value: /home/sunbeam/.stmcufinder/plugins/mcufinder/ => /home/sunbeam/.stmcufinder/plugins/mcufinder
2024-09-21 14:18:09,182 [INFO] DbMcusAds:125 - Set database path to: /home/sunbeam/.stmcufinder/plugins/mcufinder//mcu/
2024-09-21 14:18:09,182 [WARN] DbFile:41 - Overriding database path with different value: /home/sunbeam/.stmcufinder/plugins/mcufinder/ => /home/sunbeam/.stmcufinder/plugins/mcufinder
2024-09-21 14:18:09,182 [WARN] DbFile:41 - Overriding database path with different value: /home/sunbeam/.stmcufinder/plugins/mcufinder/ => /home/sunbeam/.stmcufinder/plugins/mcufinder
2024-09-21 14:18:09,182 [INFO] CrossReferenceDbSqlite:203 - Set database path to: /home/sunbeam/.stmcufinder/plugins/mcufinder//mcu/cs/
2024-09-21 14:18:09,193 [INFO] ApplicationProperties:184 - Using Application install path: /opt/st/stm32cubeide_1.16.1/plugins/com.st.stm32cube.common.mx_6.12.1.202409122256
2024-09-21 14:18:09,194 [INFO] PluginManage:196 - Search for loadable plugins [exclusion list=, ]
2024-09-21 14:18:09,194 [INFO] PluginManage:310 - Check plugin analytics
2024-09-21 14:18:09,311 [INFO] AnalyticsPlugin:253 - Accepted Software Licenses: 
2024-09-21 14:18:09,311 [INFO] AnalyticsPlugin:255 - Accepted CMSIS Pack Licenses: 
2024-09-21 14:18:09,311 [INFO] AnalyticsPlugin:257 - Accepted Firmware Licenses: 
2024-09-21 14:18:09,313 [INFO] PluginManage:359 - Loaded plugin analytics (category:tool,tabindex:-1)
2024-09-21 14:18:09,314 [INFO] PluginManage:310 - Check plugin cadmodel
2024-09-21 14:18:09,316 [INFO] CADModel:105 - Init CAD model plugin
2024-09-21 14:18:09,317 [INFO] PluginManage:359 - Loaded plugin cadmodel (category:power,tabindex:5)
2024-09-21 14:18:09,317 [INFO] PluginManage:310 - Check plugin clock
2024-09-21 14:18:09,324 [INFO] PluginManage:359 - Loaded plugin clock (category:base,tabindex:2)
2024-09-21 14:18:09,324 [INFO] PluginManage:310 - Check plugin ddr
2024-09-21 14:18:09,325 [INFO] PluginManage:359 - Loaded plugin ddr (category:tool,tabindex:6)
2024-09-21 14:18:09,326 [INFO] PluginManage:310 - Check plugin filemanager
2024-09-21 14:18:09,448 [INFO] PluginManage:359 - Loaded plugin filemanager (category:base,tabindex:10)
2024-09-21 14:18:09,448 [INFO] PluginManage:310 - Check plugin ipmanager
2024-09-21 14:18:09,452 [INFO] PluginManage:359 - Loaded plugin ipmanager (category:base,tabindex:5)
2024-09-21 14:18:09,452 [INFO] PluginManage:310 - Check plugin lpbam
2024-09-21 14:18:09,459 [INFO] PluginManage:359 - Loaded plugin lpbam (category:base,tabindex:0)
2024-09-21 14:18:09,459 [INFO] PluginManage:310 - Check plugin memorymap
2024-09-21 14:18:09,466 [INFO] PluginManage:359 - Loaded plugin memorymap (category:base,tabindex:4)
2024-09-21 14:18:09,467 [INFO] PluginManage:310 - Check plugin pinoutandconfiguration
2024-09-21 14:18:09,472 [INFO] PluginManage:359 - Loaded plugin pinoutandconfiguration (category:base,tabindex:1)
2024-09-21 14:18:09,472 [INFO] PluginManage:310 - Check plugin pinoutconfig
2024-09-21 14:18:09,554 [WARN] SupportedApi:132 - Cannot load RTOS API schema: s4s-elt-must-match.1: The content of 'definitions' must match (annotation?, (simpleType | complexType)?, (unique | key | keyref)*)). A problem was found starting at: attribute.
2024-09-21 14:18:09,673 [INFO] PluginManage:359 - Loaded plugin pinoutconfig (category:base,tabindex:0)
2024-09-21 14:18:09,673 [INFO] PluginManage:310 - Check plugin power
2024-09-21 14:18:09,678 [INFO] PluginManage:359 - Loaded plugin power (category:power,tabindex:4)
2024-09-21 14:18:09,678 [INFO] PluginManage:310 - Check plugin projectmanager
2024-09-21 14:18:09,690 [INFO] PluginManage:359 - Loaded plugin projectmanager (category:projectmanager,tabindex:4)
2024-09-21 14:18:09,690 [INFO] PluginManage:310 - Check plugin rif
2024-09-21 14:18:09,693 [INFO] PluginManage:359 - Loaded plugin rif (category:base,tabindex:3)
2024-09-21 14:18:09,693 [INFO] PluginManage:310 - Check plugin thirdparty
2024-09-21 14:18:09,771 [INFO] PluginManage:359 - Loaded plugin thirdparty (category:base,tabindex:-1)
2024-09-21 14:18:09,771 [WARN] IntegrityCheckThread:84 - waiting for thirdparty lock release [integrity check]
2024-09-21 14:18:09,772 [INFO] IntegrityCheckThread:86 - entering critical section [integrity check]
2024-09-21 14:18:09,772 [INFO] PluginManage:310 - Check plugin tools
2024-09-21 14:18:09,772 [INFO] ThirdPartyUpdaterWithRetryManager:70 - Updater plugin not ready yet. [1/15]
2024-09-21 14:18:09,774 [INFO] PluginManage:359 - Loaded plugin tools (category:base,tabindex:7)
2024-09-21 14:18:09,774 [INFO] PluginManage:310 - Check plugin tutovideos
2024-09-21 14:18:09,917 [INFO] PluginManage:359 - Loaded plugin tutovideos (category:base,tabindex:-1)
2024-09-21 14:18:09,917 [INFO] PluginManage:310 - Check plugin updater
2024-09-21 14:18:09,932 [INFO] PluginManage:359 - Loaded plugin updater (category:base,tabindex:12)
2024-09-21 14:18:09,932 [INFO] PluginManage:310 - Check plugin userauth
2024-09-21 14:18:09,936 [INFO] UserAuth:113 - Init User Auth plugin
2024-09-21 14:18:09,937 [INFO] PluginManage:359 - Loaded plugin userauth (category:base,tabindex:14)
2024-09-21 14:18:09,937 [INFO] PluginManage:283 - PluginManage : Loaded plugins [18]
2024-09-21 14:18:10,047 [INFO] PinOutPanel:1561 - setPackage(No Configuration,No Configuration)
2024-09-21 14:18:10,097 [INFO] CADModel:165 - CPN selected for project level
2024-09-21 14:18:10,097 [INFO] CADModel:114 - Register for checkConnection events
2024-09-21 14:18:10,107 [INFO] IPUIPlugin:80 - create IPUIPlugin
2024-09-21 14:18:10,107 [INFO] PluginManager:220 - loadIPPluginJar : add freertos
2024-09-21 14:18:10,110 [INFO] IPUIPlugin:80 - create IPUIPlugin
2024-09-21 14:18:10,110 [INFO] PluginManager:220 - loadIPPluginJar : add i2s
2024-09-21 14:18:10,114 [INFO] IPUIPlugin:80 - create IPUIPlugin
2024-09-21 14:18:10,114 [INFO] PluginManager:220 - loadIPPluginJar : add stm32_wpan
2024-09-21 14:18:10,118 [INFO] IPUIPlugin:80 - create IPUIPlugin
2024-09-21 14:18:10,119 [INFO] PluginManager:220 - loadIPPluginJar : add dma
2024-09-21 14:18:10,119 [INFO] IPUIPlugin:80 - create IPUIPlugin
2024-09-21 14:18:10,119 [INFO] PluginManager:220 - loadIPPluginJar : add tsc
2024-09-21 14:18:10,121 [INFO] IPUIPlugin:80 - create IPUIPlugin
2024-09-21 14:18:10,121 [INFO] PluginManager:220 - loadIPPluginJar : add gpio
2024-09-21 14:18:10,122 [INFO] IPUIPlugin:80 - create IPUIPlugin
2024-09-21 14:18:10,122 [INFO] PluginManager:220 - loadIPPluginJar : add quadspi
2024-09-21 14:18:10,122 [INFO] IPUIPlugin:80 - create IPUIPlugin
2024-09-21 14:18:10,123 [INFO] PluginManager:220 - loadIPPluginJar : add tim
2024-09-21 14:18:10,124 [INFO] IPUIPlugin:80 - create IPUIPlugin
2024-09-21 14:18:10,124 [INFO] PluginManager:220 - loadIPPluginJar : add ddr_ctrl_phy
2024-09-21 14:18:10,124 [INFO] IPUIPlugin:80 - create IPUIPlugin
2024-09-21 14:18:10,125 [INFO] PluginManager:220 - loadIPPluginJar : add ts
2024-09-21 14:18:10,125 [INFO] IPUIPlugin:80 - create IPUIPlugin
2024-09-21 14:18:10,125 [INFO] PluginManager:220 - loadIPPluginJar : add hash
2024-09-21 14:18:10,127 [INFO] IPUIPlugin:80 - create IPUIPlugin
2024-09-21 14:18:10,127 [INFO] PluginManager:220 - loadIPPluginJar : add ipddr
2024-09-21 14:18:10,128 [INFO] IPUIPlugin:80 - create IPUIPlugin
2024-09-21 14:18:10,128 [INFO] PluginManager:220 - loadIPPluginJar : add dma3
2024-09-21 14:18:10,129 [INFO] IPUIPlugin:80 - create IPUIPlugin
2024-09-21 14:18:10,129 [INFO] PluginManager:220 - loadIPPluginJar : add ltdc
2024-09-21 14:18:10,130 [INFO] IPUIPlugin:80 - create IPUIPlugin
2024-09-21 14:18:10,130 [INFO] PluginManager:220 - loadIPPluginJar : add usbx
2024-09-21 14:18:10,131 [INFO] IPUIPlugin:80 - create IPUIPlugin
2024-09-21 14:18:10,131 [INFO] PluginManager:220 - loadIPPluginJar : add gtzc
2024-09-21 14:18:10,133 [INFO] IPUIPlugin:80 - create IPUIPlugin
2024-09-21 14:18:10,133 [INFO] PluginManager:220 - loadIPPluginJar : add touchsensing
2024-09-21 14:18:10,137 [INFO] IPUIPlugin:80 - create IPUIPlugin
2024-09-21 14:18:10,137 [INFO] PluginManager:220 - loadIPPluginJar : add mdma
2024-09-21 14:18:10,139 [INFO] IPUIPlugin:80 - create IPUIPlugin
2024-09-21 14:18:10,139 [INFO] PluginManager:220 - loadIPPluginJar : add i3c
2024-09-21 14:18:10,139 [INFO] IPUIPlugin:80 - create IPUIPlugin
2024-09-21 14:18:10,140 [INFO] PluginManager:220 - loadIPPluginJar : add tracer_emb
2024-09-21 14:18:10,141 [INFO] IPUIPlugin:80 - create IPUIPlugin
2024-09-21 14:18:10,141 [INFO] PluginManager:220 - loadIPPluginJar : add lorawan
2024-09-21 14:18:10,142 [INFO] IPUIPlugin:80 - create IPUIPlugin
2024-09-21 14:18:10,143 [INFO] PluginManager:220 - loadIPPluginJar : add spi
2024-09-21 14:18:10,145 [INFO] IPUIPlugin:80 - create IPUIPlugin
2024-09-21 14:18:10,145 [INFO] PluginManager:220 - loadIPPluginJar : add usart
2024-09-21 14:18:10,151 [INFO] IPUIPlugin:80 - create IPUIPlugin
2024-09-21 14:18:10,152 [INFO] PluginManager:220 - loadIPPluginJar : add linkedlist
2024-09-21 14:18:10,154 [INFO] IPUIPlugin:80 - create IPUIPlugin
2024-09-21 14:18:10,154 [INFO] PluginManager:220 - loadIPPluginJar : add i2c
2024-09-21 14:18:10,156 [INFO] IPUIPlugin:80 - create IPUIPlugin
2024-09-21 14:18:10,156 [INFO] PluginManager:220 - loadIPPluginJar : add opamp
2024-09-21 14:18:10,158 [INFO] IPUIPlugin:80 - create IPUIPlugin
2024-09-21 14:18:10,158 [INFO] PluginManager:220 - loadIPPluginJar : add can
2024-09-21 14:18:10,159 [INFO] IPUIPlugin:80 - create IPUIPlugin
2024-09-21 14:18:10,159 [INFO] PluginManager:220 - loadIPPluginJar : add ucpd
2024-09-21 14:18:10,163 [INFO] IPUIPlugin:80 - create IPUIPlugin
2024-09-21 14:18:10,163 [INFO] PluginManager:220 - loadIPPluginJar : add fmc
2024-09-21 14:18:10,164 [INFO] IPUIPlugin:80 - create IPUIPlugin
2024-09-21 14:18:10,164 [INFO] PluginManager:220 - loadIPPluginJar : add pdm2pcm
2024-09-21 14:18:10,166 [INFO] IPUIPlugin:80 - create IPUIPlugin
2024-09-21 14:18:10,166 [INFO] PluginManager:220 - loadIPPluginJar : add openamp
2024-09-21 14:18:10,167 [INFO] IPUIPlugin:80 - create IPUIPlugin
2024-09-21 14:18:10,167 [INFO] PluginManager:220 - loadIPPluginJar : add comp
2024-09-21 14:18:10,169 [INFO] IPUIPlugin:80 - create IPUIPlugin
2024-09-21 14:18:10,169 [INFO] PluginManager:220 - loadIPPluginJar : add dfsdm
2024-09-21 14:18:10,169 [INFO] IPUIPlugin:80 - create IPUIPlugin
2024-09-21 14:18:10,169 [INFO] PluginManager:220 - loadIPPluginJar : add genericplugin
2024-09-21 14:18:10,171 [INFO] IPUIPlugin:80 - create IPUIPlugin
2024-09-21 14:18:10,171 [INFO] PluginManager:220 - loadIPPluginJar : add sai
2024-09-21 14:18:10,172 [INFO] IPUIPlugin:80 - create IPUIPlugin
2024-09-21 14:18:10,172 [INFO] PluginManager:220 - loadIPPluginJar : add radio
2024-09-21 14:18:10,173 [INFO] IPUIPlugin:80 - create IPUIPlugin
2024-09-21 14:18:10,173 [INFO] PluginManager:220 - loadIPPluginJar : add gfxmmu
2024-09-21 14:18:10,174 [INFO] IPUIPlugin:80 - create IPUIPlugin
2024-09-21 14:18:10,174 [INFO] PluginManager:220 - loadIPPluginJar : add extmemmanager
2024-09-21 14:18:10,178 [INFO] IPUIPlugin:80 - create IPUIPlugin
2024-09-21 14:18:10,179 [INFO] PluginManager:220 - loadIPPluginJar : add adc
2024-09-21 14:18:10,182 [INFO] IPUIPlugin:80 - create IPUIPlugin
2024-09-21 14:18:10,184 [INFO] PluginManager:220 - loadIPPluginJar : add plateformsettings
2024-09-21 14:18:10,184 [INFO] IPUIPlugin:80 - create IPUIPlugin
2024-09-21 14:18:10,184 [INFO] PluginManager:220 - loadIPPluginJar : add fatfs
2024-09-21 14:18:10,186 [INFO] IPUIPlugin:80 - create IPUIPlugin
2024-09-21 14:18:10,186 [INFO] PluginManager:220 - loadIPPluginJar : add nvic
2024-09-21 14:18:10,187 [INFO] IPUIPlugin:80 - create IPUIPlugin
2024-09-21 14:18:10,187 [INFO] PluginManager:220 - loadIPPluginJar : add cryp
2024-09-21 14:18:10,188 [INFO] IPUIPlugin:80 - create IPUIPlugin
2024-09-21 14:18:10,188 [INFO] PluginManager:220 - loadIPPluginJar : add resmgrutility
2024-09-21 14:18:10,189 [INFO] IPUIPlugin:80 - create IPUIPlugin
2024-09-21 14:18:10,189 [INFO] PluginManager:220 - loadIPPluginJar : add aes
2024-09-21 14:18:10,192 [INFO] IPUIPlugin:80 - create IPUIPlugin
2024-09-21 14:18:10,192 [INFO] PluginManager:220 - loadIPPluginJar : add gic
2024-09-21 14:18:10,280 [INFO] CADModel:165 - CPN selected for project level
2024-09-21 14:18:10,280 [INFO] CADModel:114 - Register for checkConnection events
2024-09-21 14:18:10,280 [FATAL] Updater:334 - Updater called before beeing initialized
2024-09-21 14:18:10,280 [ERROR] CADModel:125 - Updater not yet initialized, retry later 
2024-09-21 14:18:10,369 [INFO] CADModel:165 - CPN selected for project level
2024-09-21 14:18:10,369 [INFO] CADModel:114 - Register for checkConnection events
2024-09-21 14:18:10,369 [FATAL] Updater:334 - Updater called before beeing initialized
2024-09-21 14:18:10,369 [ERROR] CADModel:125 - Updater not yet initialized, retry later 
2024-09-21 14:18:10,371 [FATAL] Updater:334 - Updater called before beeing initialized
2024-09-21 14:18:10,426 [FATAL] Updater:334 - Updater called before beeing initialized
2024-09-21 14:18:10,429 [INFO] DbMcusAds:53 - JSON generation date=Mon Sep 16 20:09:53 IST 2024 (1726497593277)
2024-09-21 14:18:10,429 [FATAL] Updater:334 - Updater called before beeing initialized
2024-09-21 14:18:10,454 [WARN] DetailPanel:346 - Failed to get advertising image, set to default
2024-09-21 14:18:10,502 [FATAL] Updater:334 - Updater called before beeing initialized
2024-09-21 14:18:10,503 [FATAL] Updater:334 - Updater called before beeing initialized
2024-09-21 14:18:10,503 [FATAL] Updater:334 - Updater called before beeing initialized
2024-09-21 14:18:10,504 [WARN] DetailPanel:346 - Failed to get advertising image, set to default
2024-09-21 14:18:10,504 [FATAL] Updater:334 - Updater called before beeing initialized
2024-09-21 14:18:10,525 [ERROR] Updater:1164 - MainUpdater not yet initialized. External WinMGr cannot be set.
2024-09-21 14:18:10,527 [INFO] Updater:1100 - Updater Version found : 6.12.1
2024-09-21 14:18:10,538 [INFO] ApplicationProperties:184 - Using Application install path: /opt/st/stm32cubeide_1.16.1/plugins/com.st.stm32cube.common.mx_6.12.1.202409122256
2024-09-21 14:18:10,547 [ERROR] LogOutputStream:75 - [STDERR_REDIRECT] Sep 21, 2024 2:18:10 PM java.util.prefs.FileSystemPreferences$2 run
2024-09-21 14:18:10,547 [ERROR] LogOutputStream:75 - [STDERR_REDIRECT] WARNING: Could not create system preferences directory. System preferences are unusable.
2024-09-21 14:18:10,547 [ERROR] LogOutputStream:75 - [STDERR_REDIRECT] 
2024-09-21 14:18:10,842 [INFO] MainUpdater:2873 - connection check result : 10
2024-09-21 14:18:10,842 [INFO] MainUpdater:290 - Updater Check For Update Now.
2024-09-21 14:18:10,842 [INFO] MicroXplorer:498 - Change Database Version : DB.6.0.121
2024-09-21 14:18:10,845 [INFO] McuFinderGlobals:63 - Set McuFinder mode to 2 (CubeIDE integrated)
2024-09-21 14:18:10,845 [INFO] UserAuth:417 - Internet connection configuration mode: 1
2024-09-21 14:18:10,851 [INFO] JxBrowserEngine:152 - Initiate JxBrowser Engine with user profile folder
2024-09-21 14:18:11,026 [INFO] CheckServerUpdateThread:120 - End of CheckServer Thread
2024-09-21 14:18:11,463 [INFO] WebApp:167 - Instantiating new browser for Auth
2024-09-21 14:18:12,869 [WARN] PackLoader:240 - Cannot read IP mode file for STMicroelectronics.FP-SNS-MOTENVWB1.1.4.0
2024-09-21 14:18:12,875 [WARN] PackLoader:240 - Cannot read IP mode file for STMicroelectronics.X-CUBE-SMBUS.2.1.0
2024-09-21 14:18:12,900 [WARN] PackLoader:240 - Cannot read IP mode file for STMicroelectronics.X-CUBE-AZRTOS-F7.1.1.0
2024-09-21 14:18:12,988 [WARN] PackLoader:240 - Cannot read IP mode file for STMicroelectronics.X-CUBE-MEMS1.11.0.0
2024-09-21 14:18:13,108 [WARN] PackLoader:240 - Cannot read IP mode file for STMicroelectronics.FP-SNS-FLIGHT1.5.0.2
2024-09-21 14:18:13,113 [WARN] PackLoader:240 - Cannot read IP mode file for STMicroelectronics.X-CUBE-DISPLAY.3.0.0
2024-09-21 14:18:13,120 [WARN] PackLoader:240 - Cannot read IP mode file for STMicroelectronics.X-CUBE-BLE1.7.0.0
2024-09-21 14:18:13,128 [WARN] PackLoader:240 - Cannot read IP mode file for STMicroelectronics.X-CUBE-BLEMGR.3.1.0
2024-09-21 14:18:13,134 [WARN] PackLoader:240 - Cannot read IP mode file for STMicroelectronics.FP-SNS-SMARTAG2.1.2.0
2024-09-21 14:18:13,140 [INFO] LogOutputStream:77 - [STDOUT_REDIRECT] 1 : Invalid condition id : UX_CORESTACK_Condition cause : null
2024-09-21 14:18:13,141 [INFO] LogOutputStream:77 - [STDOUT_REDIRECT] 1 : Invalid condition id : UX_CORESTACK_Condition cause : null
2024-09-21 14:18:13,141 [INFO] LogOutputStream:77 - [STDOUT_REDIRECT] 1 : Invalid condition id : UX_CORESTACK_Condition cause : null
2024-09-21 14:18:13,141 [INFO] LogOutputStream:77 - [STDOUT_REDIRECT] 1 : Invalid condition id : UX_CORESTACK_Condition cause : null
2024-09-21 14:18:13,141 [INFO] LogOutputStream:77 - [STDOUT_REDIRECT] 1 : Invalid condition id : UX_CORESTACK_Condition cause : null
2024-09-21 14:18:13,145 [WARN] PackLoader:240 - Cannot read IP mode file for STMicroelectronics.X-CUBE-AZRTOS-WL.2.0.0
2024-09-21 14:18:13,149 [WARN] PackLoader:240 - Cannot read IP mode file for STMicroelectronics.FP-SNS-MOTENV1.5.0.0
2024-09-21 14:18:13,152 [WARN] PackLoader:240 - Cannot read IP mode file for wolfSSL.I-CUBE-wolfMQTT.1.19.0
2024-09-21 14:18:13,155 [WARN] PackLoader:240 - Cannot read IP mode file for STMicroelectronics.X-CUBE-BLE2.3.3.0
2024-09-21 14:18:13,159 [WARN] PackLoader:240 - Cannot read IP mode file for STMicroelectronics.X-CUBE-TCPP.4.1.0
2024-09-21 14:18:13,181 [WARN] PackLoader:240 - Cannot read IP mode file for STMicroelectronics.X-CUBE-AZRTOS-G0.1.1.0
2024-09-21 14:18:13,187 [WARN] PackLoader:240 - Cannot read IP mode file for STMicroelectronics.X-CUBE-SAFEA1.1.2.2
2024-09-21 14:18:13,191 [WARN] PackLoader:240 - Cannot read IP mode file for STMicroelectronics.X-CUBE-NFC4.3.0.0
2024-09-21 14:18:13,198 [WARN] PackLoader:240 - Cannot read IP mode file for EmbeddedOffice.I-CUBE-FS-RTOS.1.0.1
2024-09-21 14:18:13,198 [ERROR] ConditionMgr:805 - Attr not supported : Dmpu
2024-09-21 14:18:13,198 [ERROR] ConditionMgr:805 - Attr not supported : Dmpu
2024-09-21 14:18:13,198 [ERROR] ConditionMgr:805 - Attr not supported : Dmpu
2024-09-21 14:18:13,198 [ERROR] ConditionMgr:805 - Attr not supported : Dmpu
2024-09-21 14:18:13,198 [ERROR] ConditionMgr:805 - Attr not supported : Dmpu
2024-09-21 14:18:13,198 [ERROR] ConditionMgr:805 - Attr not supported : Dmpu
2024-09-21 14:18:13,198 [ERROR] ConditionMgr:805 - Attr not supported : Dmpu
2024-09-21 14:18:13,198 [ERROR] ConditionMgr:805 - Attr not supported : Dmpu
2024-09-21 14:18:13,198 [ERROR] ConditionMgr:805 - Attr not supported : Dmpu
2024-09-21 14:18:13,199 [ERROR] ConditionMgr:805 - Attr not supported : Dmpu
2024-09-21 14:18:13,199 [ERROR] ConditionMgr:805 - Attr not supported : Dmpu
2024-09-21 14:18:13,199 [ERROR] ConditionMgr:805 - Attr not supported : Dmpu
2024-09-21 14:18:13,199 [ERROR] ConditionMgr:805 - Attr not supported : Dmpu
2024-09-21 14:18:13,199 [ERROR] ConditionMgr:805 - Attr not supported : Dmpu
2024-09-21 14:18:13,199 [ERROR] ConditionMgr:805 - Attr not supported : Dmpu
2024-09-21 14:18:13,199 [ERROR] ConditionMgr:805 - Attr not supported : Dmpu
2024-09-21 14:18:13,199 [ERROR] ConditionMgr:805 - Attr not supported : Dmpu
2024-09-21 14:18:13,199 [ERROR] ConditionMgr:805 - Attr not supported : Dmpu
2024-09-21 14:18:13,199 [ERROR] ConditionMgr:805 - Attr not supported : Dmpu
2024-09-21 14:18:13,199 [ERROR] ConditionMgr:805 - Attr not supported : Dmpu
2024-09-21 14:18:13,199 [ERROR] ConditionMgr:805 - Attr not supported : Dmpu
2024-09-21 14:18:13,199 [ERROR] ConditionMgr:805 - Attr not supported : Dmpu
2024-09-21 14:18:13,199 [ERROR] ConditionMgr:805 - Attr not supported : Dmpu
2024-09-21 14:18:13,199 [ERROR] ConditionMgr:805 - Attr not supported : Dmpu
2024-09-21 14:18:13,199 [ERROR] ConditionMgr:805 - Attr not supported : Dmpu
2024-09-21 14:18:13,199 [ERROR] ConditionMgr:805 - Attr not supported : Dmpu
2024-09-21 14:18:13,199 [ERROR] ConditionMgr:805 - Attr not supported : Dmpu
2024-09-21 14:18:13,200 [ERROR] ConditionMgr:805 - Attr not supported : Dmpu
2024-09-21 14:18:13,200 [ERROR] ConditionMgr:805 - Attr not supported : Dmpu
2024-09-21 14:18:13,200 [ERROR] ConditionMgr:805 - Attr not supported : Dmpu
2024-09-21 14:18:13,200 [ERROR] ConditionMgr:805 - Attr not supported : Dmpu
2024-09-21 14:18:13,200 [ERROR] ConditionMgr:805 - Attr not supported : Dmpu
2024-09-21 14:18:13,200 [ERROR] ConditionMgr:805 - Attr not supported : Dmpu
2024-09-21 14:18:13,200 [ERROR] ConditionMgr:805 - Attr not supported : Dmpu
2024-09-21 14:18:13,200 [ERROR] ConditionMgr:805 - Attr not supported : Dmpu
2024-09-21 14:18:13,200 [ERROR] ConditionMgr:805 - Attr not supported : Dmpu
2024-09-21 14:18:13,200 [ERROR] ConditionMgr:805 - Attr not supported : Dmpu
2024-09-21 14:18:13,200 [ERROR] ConditionMgr:805 - Attr not supported : Dmpu
2024-09-21 14:18:13,200 [ERROR] ConditionMgr:805 - Attr not supported : Dmpu
2024-09-21 14:18:13,200 [ERROR] ConditionMgr:805 - Attr not supported : Dmpu
2024-09-21 14:18:13,201 [ERROR] ConditionMgr:805 - Attr not supported : Dmpu
2024-09-21 14:18:13,201 [ERROR] ConditionMgr:805 - Attr not supported : Dmpu
2024-09-21 14:18:13,201 [ERROR] ConditionMgr:805 - Attr not supported : Dmpu
2024-09-21 14:18:13,201 [ERROR] ConditionMgr:805 - Attr not supported : Dmpu
2024-09-21 14:18:13,201 [ERROR] ConditionMgr:805 - Attr not supported : Dmpu
2024-09-21 14:18:13,201 [ERROR] ConditionMgr:805 - Attr not supported : Dmpu
2024-09-21 14:18:13,201 [ERROR] ConditionMgr:805 - Attr not supported : Dmpu
2024-09-21 14:18:13,201 [ERROR] ConditionMgr:805 - Attr not supported : Dmpu
2024-09-21 14:18:13,201 [ERROR] ConditionMgr:805 - Attr not supported : Dmpu
2024-09-21 14:18:13,201 [ERROR] ConditionMgr:805 - Attr not supported : Dmpu
2024-09-21 14:18:13,201 [ERROR] ConditionMgr:805 - Attr not supported : Dmpu
2024-09-21 14:18:13,201 [ERROR] ConditionMgr:805 - Attr not supported : Dmpu
2024-09-21 14:18:13,201 [ERROR] ConditionMgr:805 - Attr not supported : Dmpu
2024-09-21 14:18:13,201 [ERROR] ConditionMgr:805 - Attr not supported : Dmpu
2024-09-21 14:18:13,201 [ERROR] ConditionMgr:805 - Attr not supported : Dmpu
2024-09-21 14:18:13,201 [ERROR] ConditionMgr:805 - Attr not supported : Dmpu
2024-09-21 14:18:13,201 [ERROR] ConditionMgr:805 - Attr not supported : Dmpu
2024-09-21 14:18:13,201 [ERROR] ConditionMgr:805 - Attr not supported : Dmpu
2024-09-21 14:18:13,201 [ERROR] ConditionMgr:805 - Attr not supported : Dmpu
2024-09-21 14:18:13,202 [ERROR] ConditionMgr:805 - Attr not supported : Dmpu
2024-09-21 14:18:13,202 [ERROR] ConditionMgr:805 - Attr not supported : Dmpu
2024-09-21 14:18:13,202 [ERROR] ConditionMgr:805 - Attr not supported : Dmpu
2024-09-21 14:18:13,202 [ERROR] ConditionMgr:805 - Attr not supported : Dmpu
2024-09-21 14:18:13,202 [ERROR] ConditionMgr:805 - Attr not supported : Dmpu
2024-09-21 14:18:13,204 [WARN] PackLoader:240 - Cannot read IP mode file for RealThread.X-CUBE-RT-Thread_Nano.4.1.1
2024-09-21 14:18:13,206 [WARN] PackLoader:240 - Cannot read IP mode file for STMicroelectronics.FP-ATR-SIGFOX1.3.2.0
2024-09-21 14:18:13,208 [WARN] PackLoader:240 - Cannot read IP mode file for wolfSSL.I-CUBE-wolfSSL.5.7.2
2024-09-21 14:18:13,211 [WARN] PackLoader:240 - Cannot read IP mode file for STMicroelectronics.X-CUBE-EEPRMA1.5.1.0
2024-09-21 14:18:13,232 [WARN] PackLoader:240 - Cannot read IP mode file for SEGGER.I-CUBE-embOS.1.3.1
2024-09-21 14:18:13,257 [WARN] PackLoader:240 - Cannot read IP mode file for STMicroelectronics.X-CUBE-ALGOBUILD.1.4.0
2024-09-21 14:18:13,267 [WARN] PackLoader:240 - Cannot read IP mode file for STMicroelectronics.X-CUBE-AZRTOS-F4.1.1.0
2024-09-21 14:18:13,271 [WARN] PackLoader:240 - Cannot read IP mode file for STMicroelectronics.X-CUBE-ISPU.2.1.0
2024-09-21 14:18:13,274 [WARN] PackLoader:240 - Cannot read IP mode file for STMicroelectronics.X-CUBE-FREERTOS.1.2.0
2024-09-21 14:18:13,284 [WARN] PackLoader:240 - Cannot read IP mode file for STMicroelectronics.X-CUBE-AZRTOS-L5.2.0.0
2024-09-21 14:18:13,290 [WARN] PackLoader:240 - Cannot read IP mode file for STMicroelectronics.X-CUBE-NFC6.3.1.0
2024-09-21 14:18:13,293 [WARN] PackLoader:240 - Cannot read IP mode file for STMicroelectronics.X-CUBE-DPower.1.2.0
2024-09-21 14:18:13,299 [WARN] PackLoader:240 - Cannot read IP mode file for STMicroelectronics.X-CUBE-AI.9.0.0
2024-09-21 14:18:13,301 [WARN] PackLoader:240 - Cannot read IP mode file for STMicroelectronics.X-CUBE-NFC7.1.0.1
2024-09-21 14:18:13,312 [WARN] ConditionMgr:438 - getConditionDescription Invalid condition id : LAN8742 Phy interface Condition cause : null
2024-09-21 14:18:13,313 [WARN] PackLoader:240 - Cannot read IP mode file for STMicroelectronics.X-CUBE-AZRTOS-L4.2.0.0
2024-09-21 14:18:13,314 [WARN] ConditionMgr:1039 - genDependencies : Invalid condition id : LAN8742 Phy interface Condition cause : null
2024-09-21 14:18:13,314 [WARN] ConditionMgr:1039 - genDependencies : Invalid condition id : LAN8742 Phy interface Condition cause : null
2024-09-21 14:18:13,314 [WARN] ConditionMgr:1039 - genDependencies : Invalid condition id : LAN8742 Phy interface Condition cause : null
2024-09-21 14:18:13,318 [WARN] PackLoader:240 - Cannot read IP mode file for STMicroelectronics.X-CUBE-SFXS2LP1.4.0.0
2024-09-21 14:18:13,330 [WARN] PackLoader:240 - Cannot read IP mode file for STMicroelectronics.X-CUBE-AZRTOS-H7.3.3.0
2024-09-21 14:18:13,338 [WARN] ConditionMgr:438 - getConditionDescription Invalid condition id : UX DEVICE CLASS RTOS Condition cause : null
2024-09-21 14:18:13,339 [WARN] ConditionMgr:438 - getConditionDescription Invalid condition id : UX DEVICE CLASS RTOS Condition cause : null
2024-09-21 14:18:13,340 [WARN] PackLoader:240 - Cannot read IP mode file for STMicroelectronics.X-CUBE-AZRTOS-WB.2.0.0
2024-09-21 14:18:13,340 [WARN] ConditionMgr:1039 - genDependencies : Invalid condition id : UX DEVICE CLASS RTOS Condition cause : null
2024-09-21 14:18:13,340 [WARN] ConditionMgr:1039 - genDependencies : Invalid condition id : UX DEVICE CLASS RTOS Condition cause : null
2024-09-21 14:18:13,341 [WARN] ConditionMgr:1039 - genDependencies : Invalid condition id : UX DEVICE CLASS RTOS Condition cause : null
2024-09-21 14:18:13,341 [WARN] ConditionMgr:1039 - genDependencies : Invalid condition id : UX DEVICE CLASS RTOS Condition cause : null
2024-09-21 14:18:13,341 [WARN] ConditionMgr:1039 - genDependencies : Invalid condition id : UX DEVICE CLASS RTOS Condition cause : null
2024-09-21 14:18:13,344 [WARN] PackLoader:240 - Cannot read IP mode file for STMicroelectronics.X-CUBE-GNSS1.7.0.0
2024-09-21 14:18:13,347 [WARN] PackLoader:240 - Cannot read IP mode file for STMicroelectronics.FP-SNS-STBOX1.2.0.0
2024-09-21 14:18:13,354 [WARN] PackLoader:240 - Cannot read IP mode file for STMicroelectronics.X-CUBE-SUBG2.5.0.0
2024-09-21 14:18:13,359 [WARN] PackLoader:240 - Cannot read IP mode file for Cesanta.I-CUBE-Mongoose.7.13.0
2024-09-21 14:18:13,366 [WARN] PackLoader:240 - Cannot read IP mode file for STMicroelectronics.X-CUBE-AZRTOS-G4.2.0.0
2024-09-21 14:18:13,370 [WARN] PackLoader:240 - Cannot read IP mode file for STMicroelectronics.X-CUBE-ALS.1.0.2
2024-09-21 14:18:13,372 [WARN] PackLoader:240 - Cannot read IP mode file for STMicroelectronics.X-CUBE-TOUCHGFX.4.24.0
2024-09-21 14:18:13,374 [WARN] PackLoader:240 - Cannot read IP mode file for wolfSSL.I-CUBE-wolfTPM.3.4.0
2024-09-21 14:18:13,383 [WARN] PackLoader:240 - Cannot read IP mode file for STMicroelectronics.X-CUBE-AZRTOS-H7RS.1.0.0
2024-09-21 14:18:13,388 [WARN] PackLoader:240 - Cannot read IP mode file for STMicroelectronics.FP-ATR-ASTRA1.2.0.0
2024-09-21 14:18:13,393 [WARN] PackLoader:240 - Cannot read IP mode file for STMicroelectronics.X-CUBE-TOF1.3.4.2
2024-09-21 14:18:13,415 [WARN] PackLoader:240 - Cannot read IP mode file for Infineon.AIROC-Wi-Fi-Bluetooth-STM32.1.6.1
2024-09-21 14:18:13,422 [WARN] PackLoader:240 - Cannot read IP mode file for wolfSSL.I-CUBE-wolfSSH.1.4.17
2024-09-21 14:18:13,423 [INFO] ThirdParty:978 - Integrity check success = true
2024-09-21 14:18:13,423 [INFO] IntegrityCheckThread:100 - exiting critical section [integrity check]
2024-09-21 14:18:13,423 [INFO] IntegrityCheckThread:103 - End integrity checks thread
2024-09-21 14:18:14,755 [INFO] McuFinderGlobals:63 - Set McuFinder mode to 2 (CubeIDE integrated)
2024-09-21 14:18:14,755 [INFO] UserAuth:417 - Internet connection configuration mode: 1
